kotlin version: 2.3.21
error message: java.lang.RuntimeException: Exception while generating code for:
FUN name:ActionButton visibility:public modality:FINAL returnType:kotlin.Unit
  VALUE_PARAMETER kind:Regular name:text index:0 type:kotlin.String
  VALUE_PARAMETER kind:Regular name:onClick index:1 type:kotlin.Function0<kotlin.Unit>
  VALUE_PARAMETER kind:Regular name:modifier index:2 type:androidx.compose.ui.Modifier
    EXPRESSION_BODY
      ERROR_EXPR 'Default Stub' type=androidx.compose.ui.Modifier
  VALUE_PARAMETER kind:Regular name:isEnabled index:3 type:kotlin.Boolean
    EXPRESSION_BODY
      ERROR_EXPR 'Default Stub' type=kotlin.Boolean
  VALUE_PARAMETER kind:Regular name:textStyle index:4 type:androidx.compose.ui.text.TextStyle
    EXPRESSION_BODY
      ERROR_EXPR 'Default Stub' type=androidx.compose.ui.text.TextStyle
  annotations:
    Composable
  BLOCK_BODY
    VAR name:spacing type:com.sayatcode.core_ui.Dimensions [val]
      CALL 'public final fun <get-current> (): T of androidx.compose.runtime.CompositionLocal [inline] declared in androidx.compose.runtime.CompositionLocal' type=com.sayatcode.core_ui.Dimensions origin=GET_PROPERTY
        ARG <this>: TYPE_OP type=androidx.compose.runtime.CompositionLocal<T of androidx.compose.runtime.CompositionLocal> origin=IMPLICIT_CAST typeOperand=androidx.compose.runtime.CompositionLocal<T of androidx.compose.runtime.CompositionLocal>
          CALL 'public final fun <get-LocalSpacing> (): androidx.compose.runtime.ProvidableCompositionLocal<com.sayatcode.core_ui.Dimensions> declared in com.sayatcode.core_ui.DimensionsKt' type=androidx.compose.runtime.ProvidableCompositionLocal<com.sayatcode.core_ui.Dimensions> origin=GET_PROPERTY
    CALL 'public final fun Button$default (onClick: kotlin.Function0<kotlin.Unit>, modifier: androidx.compose.ui.Modifier?, enabled: kotlin.Boolean, interactionSource: androidx.compose.foundation.interaction.MutableInteractionSource?, elevation: androidx.compose.material.ButtonElevation?, shape: androidx.compose.ui.graphics.Shape?, border: androidx.compose.foundation.BorderStroke?, colors: androidx.compose.material.ButtonColors?, contentPadding: androidx.compose.foundation.layout.PaddingValues?, content: @[Composable] @[ExtensionFunctionType] kotlin.Function1<androidx.compose.foundation.layout.RowScope, kotlin.Unit>, $mask0: kotlin.Int, $handler: kotlin.Any?): kotlin.Unit declared in androidx.compose.material.ButtonKt' type=kotlin.Unit origin=DEFAULT_DISPATCH_CALL
      ARG onClick: GET_VAR 'onClick: kotlin.Function0<kotlin.Unit> declared in com.sayatcode.onboarding_presentation.components.ActionButtonKt.ActionButton' type=kotlin.Function0<kotlin.Unit> origin=null
      ARG modifier: GET_VAR 'modifier: androidx.compose.ui.Modifier declared in com.sayatcode.onboarding_presentation.components.ActionButtonKt.ActionButton' type=androidx.compose.ui.Modifier origin=null
      ARG enabled: GET_VAR 'isEnabled: kotlin.Boolean declared in com.sayatcode.onboarding_presentation.components.ActionButtonKt.ActionButton' type=kotlin.Boolean origin=null
      ARG interactionSource: COMPOSITE type=androidx.compose.foundation.interaction.MutableInteractionSource? origin=DEFAULT_VALUE
        CONST Null type=androidx.compose.foundation.interaction.MutableInteractionSource? value=null
      ARG elevation: COMPOSITE type=androidx.compose.material.ButtonElevation? origin=DEFAULT_VALUE
        CONST Null type=androidx.compose.material.ButtonElevation? value=null
      ARG shape: CALL 'public final fun RoundedCornerShape-0680j_4 (size: androidx.compose.ui.unit.Dp): androidx.compose.foundation.shape.RoundedCornerShape declared in androidx.compose.foundation.shape.RoundedCornerShapeKt' type=androidx.compose.foundation.shape.RoundedCornerShape origin=null
        ARG size: CALL 'public final fun <get-dp> (<this>: kotlin.Int): androidx.compose.ui.unit.Dp [inline] declared in androidx.compose.ui.unit.DpKt' type=androidx.compose.ui.unit.Dp origin=GET_PROPERTY
          ARG <this>: CONST Int type=kotlin.Int value=100
      ARG border: COMPOSITE type=androidx.compose.foundation.BorderStroke? origin=DEFAULT_VALUE
        CONST Null type=androidx.compose.foundation.BorderStroke? value=null
      ARG colors: COMPOSITE type=androidx.compose.material.ButtonColors? origin=DEFAULT_VALUE
        CONST Null type=androidx.compose.material.ButtonColors? value=null
      ARG contentPadding: COMPOSITE type=androidx.compose.foundation.layout.PaddingValues? origin=DEFAULT_VALUE
        CONST Null type=androidx.compose.foundation.layout.PaddingValues? value=null
      ARG content: BLOCK type=@[ExtensionFunctionType] kotlin.Function1<androidx.compose.foundation.layout.RowScope, kotlin.Unit> origin=LAMBDA
        COMPOSITE type=kotlin.Unit origin=null
        CALL 'public final fun <jvm-indy> <T> (dynamicCall: T of kotlin.jvm.internal.<jvm-indy>, bootstrapMethodHandle: kotlin.Any, vararg bootstrapMethodArguments: kotlin.Any): T of kotlin.jvm.internal.<jvm-indy> declared in kotlin.jvm.internal' type=@[ExtensionFunctionType] kotlin.Function1<androidx.compose.foundation.layout.RowScope, kotlin.Unit> origin=null
          TYPE_ARG T: @[ExtensionFunctionType] kotlin.Function1<androidx.compose.foundation.layout.RowScope, kotlin.Unit>
          ARG dynamicCall: CALL 'public final fun invoke (p0: kotlin.String, p1: androidx.compose.ui.text.TextStyle): @[ExtensionFunctionType] kotlin.Function1<androidx.compose.foundation.layout.RowScope, kotlin.Unit> declared in kotlin.jvm.internal.invokeDynamic' type=@[ExtensionFunctionType] kotlin.Function1<androidx.compose.foundation.layout.RowScope, kotlin.Unit> origin=null
            ARG p0: GET_VAR 'text: kotlin.String declared in com.sayatcode.onboarding_presentation.components.ActionButtonKt.ActionButton' type=kotlin.String origin=null
            ARG p1: GET_VAR 'textStyle: androidx.compose.ui.text.TextStyle declared in com.sayatcode.onboarding_presentation.components.ActionButtonKt.ActionButton' type=androidx.compose.ui.text.TextStyle origin=null
          ARG bootstrapMethodHandle: CALL 'public final fun <jvm-method-handle> (tag: kotlin.Int, owner: kotlin.String, name: kotlin.String, descriptor: kotlin.String, isInterface: kotlin.Boolean): kotlin.Any declared in kotlin.jvm.internal' type=kotlin.Any origin=null
            ARG tag: CONST Int type=kotlin.Int value=6
            ARG owner: CONST String type=kotlin.String value="java/lang/invoke/LambdaMetafactory"
            ARG name: CONST String type=kotlin.String value="metafactory"
            ARG descriptor: CONST String type=kotlin.String value="(Ljava/lang/invoke/MethodHandles$Lookup;Ljava/lang/String;Ljava/lang/invoke/MethodType;Ljava/lang/invoke/MethodType;Ljava/lang/invoke/MethodHandle;Ljava/lang/invoke/MethodType;)Ljava/lang/invoke/CallSite;"
            ARG isInterface: CONST Boolean type=kotlin.Boolean value=false
          ARG bootstrapMethodArguments: VARARG type=kotlin.Array<kotlin.Any> varargElementType=kotlin.Any
            CALL 'public final fun <jvm-original-method-type> (method: kotlin.Any): kotlin.Any declared in kotlin.jvm.internal' type=kotlin.Any origin=null
              ARG method: RAW_FUNCTION_REFERENCE 'public abstract fun invoke (p1: P1 of kotlin.Function1): R of kotlin.Function1 [operator] declared in kotlin.Function1' type=kotlin.Any
            RAW_FUNCTION_REFERENCE 'private final fun ActionButton$lambda$0 ($text: kotlin.String, $textStyle: androidx.compose.ui.text.TextStyle, $this$Button: androidx.compose.foundation.layout.RowScope): kotlin.Unit? declared in com.sayatcode.onboarding_presentation.components.ActionButtonKt' type=kotlin.Any
            CALL 'public final fun <jvm-original-method-type> (method: kotlin.Any): kotlin.Any declared in kotlin.jvm.internal' type=kotlin.Any origin=null
              ARG method: RAW_FUNCTION_REFERENCE 'public abstract fun invoke (p1: androidx.compose.foundation.layout.RowScope): kotlin.Unit? [fake_override,operator] declared in kotlin.jvm.internal.invokeDynamic.<fake>' type=kotlin.Any
      ARG $mask0: CONST Int type=kotlin.Int value=472
      ARG $handler: CONST Null type=kotlin.Any? value=null

	at org.jetbrains.kotlin.backend.jvm.codegen.FunctionCodegen.generate(FunctionCodegen.kt:57)
	at org.jetbrains.kotlin.backend.jvm.codegen.FunctionCodegen.generate$default(FunctionCodegen.kt:50)
	at org.jetbrains.kotlin.backend.jvm.codegen.ClassCodegen.generateMethodNode(ClassCodegen.kt:428)
	at org.jetbrains.kotlin.backend.jvm.codegen.ClassCodegen.generateMethod(ClassCodegen.kt:445)
	at org.jetbrains.kotlin.backend.jvm.codegen.ClassCodegen.generate(ClassCodegen.kt:168)
	at org.jetbrains.kotlin.backend.jvm.JvmIrCodegenFactory.generateFile(JvmIrCodegenFactory.kt:467)
	at org.jetbrains.kotlin.backend.jvm.JvmIrCodegenFactory.invokeCodegen(JvmIrCodegenFactory.kt:433)
	at org.jetbrains.kotlin.cli.jvm.compiler.KotlinToJVMBytecodeCompiler.runCodegen$cli(KotlinToJVMBytecodeCompiler.kt:409)
	at org.jetbrains.kotlin.cli.pipeline.jvm.JvmBackendPipelinePhase.executePhase(JvmBackendPipelinePhase.kt:89)
	at org.jetbrains.kotlin.cli.pipeline.jvm.JvmBackendPipelinePhase.executePhase(JvmBackendPipelinePhase.kt:27)
	at org.jetbrains.kotlin.cli.pipeline.PipelinePhase.phaseBody(PipelinePhase.kt:68)
	at org.jetbrains.kotlin.cli.pipeline.PipelinePhase.phaseBody(PipelinePhase.kt:58)
	at org.jetbrains.kotlin.config.phaser.NamedCompilerPhase.invoke(CompilerPhase.kt:102)
	at org.jetbrains.kotlin.backend.common.phaser.CompositePhase.invoke(PhaseBuilders.kt:22)
	at org.jetbrains.kotlin.config.phaser.CompilerPhaseKt.invokeToplevel(CompilerPhase.kt:53)
	at org.jetbrains.kotlin.cli.pipeline.AbstractCliPipeline.runPhasedPipeline(AbstractCliPipeline.kt:109)
	at org.jetbrains.kotlin.cli.pipeline.AbstractCliPipeline.execute(AbstractCliPipeline.kt:68)
	at org.jetbrains.kotlin.cli.jvm.K2JVMCompiler.doExecutePhased(K2JVMCompiler.kt:51)
	at org.jetbrains.kotlin.cli.jvm.K2JVMCompiler.doExecutePhased(K2JVMCompiler.kt:42)
	at org.jetbrains.kotlin.cli.common.CLICompiler.execImpl(CLICompiler.kt:91)
	at org.jetbrains.kotlin.cli.common.CLICompiler.exec(CLICompiler.kt:363)
	at org.jetbrains.kotlin.incremental.IncrementalJvmCompilerRunnerBase.runCompiler(IncrementalJvmCompilerRunnerBase.kt:210)
	at org.jetbrains.kotlin.incremental.IncrementalJvmCompilerRunnerBase.runCompiler(IncrementalJvmCompilerRunnerBase.kt:52)
	at org.jetbrains.kotlin.incremental.IncrementalCompilerRunner.doCompile(IncrementalCompilerRunner.kt:510)
	at org.jetbrains.kotlin.incremental.IncrementalCompilerRunner.compileImpl(IncrementalCompilerRunner.kt:422)
	at org.jetbrains.kotlin.incremental.IncrementalCompilerRunner.tryCompileIncrementally$lambda$0$compile(IncrementalCompilerRunner.kt:252)
	at org.jetbrains.kotlin.incremental.IncrementalCompilerRunner.tryCompileIncrementally(IncrementalCompilerRunner.kt:270)
	at org.jetbrains.kotlin.incremental.IncrementalCompilerRunner.compile(IncrementalCompilerRunner.kt:122)
	at org.jetbrains.kotlin.daemon.CompileServiceImplBase.execIncrementalCompiler(CompileServiceImpl.kt:764)
	at org.jetbrains.kotlin.daemon.CompileServiceImplBase.access$execIncrementalCompiler(CompileServiceImpl.kt:107)
	at org.jetbrains.kotlin.daemon.CompileServiceImpl.compile(CompileServiceImpl.kt:2026)
	at java.base/jdk.internal.reflect.DirectMethodHandleAccessor.invoke(Unknown Source)
	at java.base/java.lang.reflect.Method.invoke(Unknown Source)
	at java.rmi/sun.rmi.server.UnicastServerRef.dispatch(Unknown Source)
	at java.rmi/sun.rmi.transport.Transport$1.run(Unknown Source)
	at java.rmi/sun.rmi.transport.Transport$1.run(Unknown Source)
	at java.base/java.security.AccessController.doPrivileged(Unknown Source)
	at java.rmi/sun.rmi.transport.Transport.serviceCall(Unknown Source)
	at java.rmi/sun.rmi.transport.tcp.TCPTransport.handleMessages(Unknown Source)
	at java.rmi/sun.rmi.transport.tcp.TCPTransport$ConnectionHandler.run0(Unknown Source)
	at java.rmi/sun.rmi.transport.tcp.TCPTransport$ConnectionHandler.lambda$run$0(Unknown Source)
	at java.base/java.security.AccessController.doPrivileged(Unknown Source)
	at java.rmi/sun.rmi.transport.tcp.TCPTransport$ConnectionHandler.run(Unknown Source)
	at java.base/java.util.concurrent.ThreadPoolExecutor.runWorker(Unknown Source)
	at java.base/java.util.concurrent.ThreadPoolExecutor$Worker.run(Unknown Source)
	at java.base/java.lang.Thread.run(Unknown Source)
Caused by: org.jetbrains.kotlin.codegen.CompilationException: Back-end (JVM) Internal error: Couldn't inline method call: CALL 'public final fun <get-current> (): T of androidx.compose.runtime.CompositionLocal [inline] declared in androidx.compose.runtime.CompositionLocal' type=com.sayatcode.core_ui.Dimensions origin=GET_PROPERTY
Method: null
File is unknown
The root cause java.lang.IllegalStateException was thrown at: org.jetbrains.kotlin.codegen.inline.SourceCompilerForInlineKt.getMethodNode(SourceCompilerForInline.kt:129)
	at org.jetbrains.kotlin.backend.jvm.codegen.IrInlineCodegen.genInlineCall(IrInlineCodegen.kt:81)
	at org.jetbrains.kotlin.backend.jvm.codegen.IrInlineCallGenerator.genCall(IrInlineCallGenerator.kt:36)
	at org.jetbrains.kotlin.backend.jvm.codegen.ExpressionCodegen.visitCall(ExpressionCodegen.kt:562)
	at org.jetbrains.kotlin.backend.jvm.codegen.ExpressionCodegen.visitCall(ExpressionCodegen.kt:140)
	at org.jetbrains.kotlin.ir.expressions.IrCall.accept(IrCall.kt:24)
	at org.jetbrains.kotlin.backend.jvm.codegen.ExpressionCodegen.visitVariable(ExpressionCodegen.kt:693)
	at org.jetbrains.kotlin.backend.jvm.codegen.ExpressionCodegen.visitVariable(ExpressionCodegen.kt:140)
	at org.jetbrains.kotlin.ir.declarations.IrVariable.accept(IrVariable.kt:36)
	at org.jetbrains.kotlin.backend.jvm.codegen.ExpressionCodegen.visitStatementContainer(ExpressionCodegen.kt:491)
	at org.jetbrains.kotlin.backend.jvm.codegen.ExpressionCodegen.visitBlockBody(ExpressionCodegen.kt:496)
	at org.jetbrains.kotlin.backend.jvm.codegen.ExpressionCodegen.visitBlockBody(ExpressionCodegen.kt:140)
	at org.jetbrains.kotlin.ir.expressions.IrBlockBody.accept(IrBlockBody.kt:20)
	at org.jetbrains.kotlin.backend.jvm.codegen.ExpressionCodegen.generate(ExpressionCodegen.kt:233)
	at org.jetbrains.kotlin.backend.jvm.codegen.FunctionCodegen.doGenerate(FunctionCodegen.kt:135)
	at org.jetbrains.kotlin.backend.jvm.codegen.FunctionCodegen.generate(FunctionCodegen.kt:54)
	... 45 more
Caused by: java.lang.IllegalStateException: couldn't find inline method Landroidx/compose/runtime/CompositionLocal;.getCurrent()Ljava/lang/Object;
	at org.jetbrains.kotlin.codegen.inline.SourceCompilerForInlineKt.getMethodNode(SourceCompilerForInline.kt:129)
	at org.jetbrains.kotlin.codegen.inline.SourceCompilerForInlineKt.loadCompiledInlineFunction$lambda$0(SourceCompilerForInline.kt:98)
	at org.jetbrains.kotlin.codegen.inline.InlineCache.computeMethodBytes(InlineCache.kt:90)
	at org.jetbrains.kotlin.codegen.inline.SourceCompilerForInlineKt.loadCompiledInlineFunction(SourceCompilerForInline.kt:93)
	at org.jetbrains.kotlin.backend.jvm.codegen.IrSourceCompilerForInline.compileInlineFunction(IrSourceCompilerForInline.kt:96)
	at org.jetbrains.kotlin.backend.jvm.codegen.IrInlineCodegen.genInlineCall(IrInlineCodegen.kt:64)
	... 59 more


error message: java.lang.RuntimeException: Exception while generating code for:
FUN name:ActionButton visibility:public modality:FINAL returnType:kotlin.Unit
  VALUE_PARAMETER kind:Regular name:text index:0 type:kotlin.String
  VALUE_PARAMETER kind:Regular name:onClick index:1 type:kotlin.Function0<kotlin.Unit>
  VALUE_PARAMETER kind:Regular name:modifier index:2 type:androidx.compose.ui.Modifier
    EXPRESSION_BODY
      ERROR_EXPR 'Default Stub' type=androidx.compose.ui.Modifier
  VALUE_PARAMETER kind:Regular name:isEnabled index:3 type:kotlin.Boolean
    EXPRESSION_BODY
      ERROR_EXPR 'Default Stub' type=kotlin.Boolean
  VALUE_PARAMETER kind:Regular name:textStyle index:4 type:androidx.compose.ui.text.TextStyle
    EXPRESSION_BODY
      ERROR_EXPR 'Default Stub' type=androidx.compose.ui.text.TextStyle
  annotations:
    Composable
  BLOCK_BODY
    VAR name:spacing type:com.sayatcode.core_ui.Dimensions [val]
      CALL 'public final fun <get-current> (): T of androidx.compose.runtime.CompositionLocal [inline] declared in androidx.compose.runtime.CompositionLocal' type=com.sayatcode.core_ui.Dimensions origin=GET_PROPERTY
        ARG <this>: TYPE_OP type=androidx.compose.runtime.CompositionLocal<T of androidx.compose.runtime.CompositionLocal> origin=IMPLICIT_CAST typeOperand=androidx.compose.runtime.CompositionLocal<T of androidx.compose.runtime.CompositionLocal>
          CALL 'public final fun <get-LocalSpacing> (): androidx.compose.runtime.ProvidableCompositionLocal<com.sayatcode.core_ui.Dimensions> declared in com.sayatcode.core_ui.DimensionsKt' type=androidx.compose.runtime.ProvidableCompositionLocal<com.sayatcode.core_ui.Dimensions> origin=GET_PROPERTY
    CALL 'public final fun Button$default (onClick: kotlin.Function0<kotlin.Unit>, modifier: androidx.compose.ui.Modifier?, enabled: kotlin.Boolean, interactionSource: androidx.compose.foundation.interaction.MutableInteractionSource?, elevation: androidx.compose.material.ButtonElevation?, shape: androidx.compose.ui.graphics.Shape?, border: androidx.compose.foundation.BorderStroke?, colors: androidx.compose.material.ButtonColors?, contentPadding: androidx.compose.foundation.layout.PaddingValues?, content: @[Composable] @[ExtensionFunctionType] kotlin.Function1<androidx.compose.foundation.layout.RowScope, kotlin.Unit>, $mask0: kotlin.Int, $handler: kotlin.Any?): kotlin.Unit declared in androidx.compose.material.ButtonKt' type=kotlin.Unit origin=DEFAULT_DISPATCH_CALL
      ARG onClick: GET_VAR 'onClick: kotlin.Function0<kotlin.Unit> declared in com.sayatcode.onboarding_presentation.components.ActionButtonKt.ActionButton' type=kotlin.Function0<kotlin.Unit> origin=null
      ARG modifier: GET_VAR 'modifier: androidx.compose.ui.Modifier declared in com.sayatcode.onboarding_presentation.components.ActionButtonKt.ActionButton' type=androidx.compose.ui.Modifier origin=null
      ARG enabled: GET_VAR 'isEnabled: kotlin.Boolean declared in com.sayatcode.onboarding_presentation.components.ActionButtonKt.ActionButton' type=kotlin.Boolean origin=null
      ARG interactionSource: COMPOSITE type=androidx.compose.foundation.interaction.MutableInteractionSource? origin=DEFAULT_VALUE
        CONST Null type=androidx.compose.foundation.interaction.MutableInteractionSource? value=null
      ARG elevation: COMPOSITE type=androidx.compose.material.ButtonElevation? origin=DEFAULT_VALUE
        CONST Null type=androidx.compose.material.ButtonElevation? value=null
      ARG shape: CALL 'public final fun RoundedCornerShape-0680j_4 (size: androidx.compose.ui.unit.Dp): androidx.compose.foundation.shape.RoundedCornerShape declared in androidx.compose.foundation.shape.RoundedCornerShapeKt' type=androidx.compose.foundation.shape.RoundedCornerShape origin=null
        ARG size: CALL 'public final fun <get-dp> (<this>: kotlin.Int): androidx.compose.ui.unit.Dp [inline] declared in androidx.compose.ui.unit.DpKt' type=androidx.compose.ui.unit.Dp origin=GET_PROPERTY
          ARG <this>: CONST Int type=kotlin.Int value=100
      ARG border: COMPOSITE type=androidx.compose.foundation.BorderStroke? origin=DEFAULT_VALUE
        CONST Null type=androidx.compose.foundation.BorderStroke? value=null
      ARG colors: COMPOSITE type=androidx.compose.material.ButtonColors? origin=DEFAULT_VALUE
        CONST Null type=androidx.compose.material.ButtonColors? value=null
      ARG contentPadding: COMPOSITE type=androidx.compose.foundation.layout.PaddingValues? origin=DEFAULT_VALUE
        CONST Null type=androidx.compose.foundation.layout.PaddingValues? value=null
      ARG content: BLOCK type=@[ExtensionFunctionType] kotlin.Function1<androidx.compose.foundation.layout.RowScope, kotlin.Unit> origin=LAMBDA
        COMPOSITE type=kotlin.Unit origin=null
        CALL 'public final fun <jvm-indy> <T> (dynamicCall: T of kotlin.jvm.internal.<jvm-indy>, bootstrapMethodHandle: kotlin.Any, vararg bootstrapMethodArguments: kotlin.Any): T of kotlin.jvm.internal.<jvm-indy> declared in kotlin.jvm.internal' type=@[ExtensionFunctionType] kotlin.Function1<androidx.compose.foundation.layout.RowScope, kotlin.Unit> origin=null
          TYPE_ARG T: @[ExtensionFunctionType] kotlin.Function1<androidx.compose.foundation.layout.RowScope, kotlin.Unit>
          ARG dynamicCall: CALL 'public final fun invoke (p0: kotlin.String, p1: androidx.compose.ui.text.TextStyle): @[ExtensionFunctionType] kotlin.Function1<androidx.compose.foundation.layout.RowScope, kotlin.Unit> declared in kotlin.jvm.internal.invokeDynamic' type=@[ExtensionFunctionType] kotlin.Function1<androidx.compose.foundation.layout.RowScope, kotlin.Unit> origin=null
            ARG p0: GET_VAR 'text: kotlin.String declared in com.sayatcode.onboarding_presentation.components.ActionButtonKt.ActionButton' type=kotlin.String origin=null
            ARG p1: GET_VAR 'textStyle: androidx.compose.ui.text.TextStyle declared in com.sayatcode.onboarding_presentation.components.ActionButtonKt.ActionButton' type=androidx.compose.ui.text.TextStyle origin=null
          ARG bootstrapMethodHandle: CALL 'public final fun <jvm-method-handle> (tag: kotlin.Int, owner: kotlin.String, name: kotlin.String, descriptor: kotlin.String, isInterface: kotlin.Boolean): kotlin.Any declared in kotlin.jvm.internal' type=kotlin.Any origin=null
            ARG tag: CONST Int type=kotlin.Int value=6
            ARG owner: CONST String type=kotlin.String value="java/lang/invoke/LambdaMetafactory"
            ARG name: CONST String type=kotlin.String value="metafactory"
            ARG descriptor: CONST String type=kotlin.String value="(Ljava/lang/invoke/MethodHandles$Lookup;Ljava/lang/String;Ljava/lang/invoke/MethodType;Ljava/lang/invoke/MethodType;Ljava/lang/invoke/MethodHandle;Ljava/lang/invoke/MethodType;)Ljava/lang/invoke/CallSite;"
            ARG isInterface: CONST Boolean type=kotlin.Boolean value=false
          ARG bootstrapMethodArguments: VARARG type=kotlin.Array<kotlin.Any> varargElementType=kotlin.Any
            CALL 'public final fun <jvm-original-method-type> (method: kotlin.Any): kotlin.Any declared in kotlin.jvm.internal' type=kotlin.Any origin=null
              ARG method: RAW_FUNCTION_REFERENCE 'public abstract fun invoke (p1: P1 of kotlin.Function1): R of kotlin.Function1 [operator] declared in kotlin.Function1' type=kotlin.Any
            RAW_FUNCTION_REFERENCE 'private final fun ActionButton$lambda$0 ($text: kotlin.String, $textStyle: androidx.compose.ui.text.TextStyle, $this$Button: androidx.compose.foundation.layout.RowScope): kotlin.Unit? declared in com.sayatcode.onboarding_presentation.components.ActionButtonKt' type=kotlin.Any
            CALL 'public final fun <jvm-original-method-type> (method: kotlin.Any): kotlin.Any declared in kotlin.jvm.internal' type=kotlin.Any origin=null
              ARG method: RAW_FUNCTION_REFERENCE 'public abstract fun invoke (p1: androidx.compose.foundation.layout.RowScope): kotlin.Unit? [fake_override,operator] declared in kotlin.jvm.internal.invokeDynamic.<fake>' type=kotlin.Any
      ARG $mask0: CONST Int type=kotlin.Int value=472
      ARG $handler: CONST Null type=kotlin.Any? value=null

	at org.jetbrains.kotlin.backend.jvm.codegen.FunctionCodegen.generate(FunctionCodegen.kt:57)
	at org.jetbrains.kotlin.backend.jvm.codegen.FunctionCodegen.generate$default(FunctionCodegen.kt:50)
	at org.jetbrains.kotlin.backend.jvm.codegen.ClassCodegen.generateMethodNode(ClassCodegen.kt:428)
	at org.jetbrains.kotlin.backend.jvm.codegen.ClassCodegen.generateMethod(ClassCodegen.kt:445)
	at org.jetbrains.kotlin.backend.jvm.codegen.ClassCodegen.generate(ClassCodegen.kt:168)
	at org.jetbrains.kotlin.backend.jvm.JvmIrCodegenFactory.generateFile(JvmIrCodegenFactory.kt:467)
	at org.jetbrains.kotlin.backend.jvm.JvmIrCodegenFactory.invokeCodegen(JvmIrCodegenFactory.kt:433)
	at org.jetbrains.kotlin.cli.jvm.compiler.KotlinToJVMBytecodeCompiler.runCodegen$cli(KotlinToJVMBytecodeCompiler.kt:409)
	at org.jetbrains.kotlin.cli.pipeline.jvm.JvmBackendPipelinePhase.executePhase(JvmBackendPipelinePhase.kt:89)
	at org.jetbrains.kotlin.cli.pipeline.jvm.JvmBackendPipelinePhase.executePhase(JvmBackendPipelinePhase.kt:27)
	at org.jetbrains.kotlin.cli.pipeline.PipelinePhase.phaseBody(PipelinePhase.kt:68)
	at org.jetbrains.kotlin.cli.pipeline.PipelinePhase.phaseBody(PipelinePhase.kt:58)
	at org.jetbrains.kotlin.config.phaser.NamedCompilerPhase.invoke(CompilerPhase.kt:102)
	at org.jetbrains.kotlin.backend.common.phaser.CompositePhase.invoke(PhaseBuilders.kt:22)
	at org.jetbrains.kotlin.config.phaser.CompilerPhaseKt.invokeToplevel(CompilerPhase.kt:53)
	at org.jetbrains.kotlin.cli.pipeline.AbstractCliPipeline.runPhasedPipeline(AbstractCliPipeline.kt:109)
	at org.jetbrains.kotlin.cli.pipeline.AbstractCliPipeline.execute(AbstractCliPipeline.kt:68)
	at org.jetbrains.kotlin.cli.jvm.K2JVMCompiler.doExecutePhased(K2JVMCompiler.kt:51)
	at org.jetbrains.kotlin.cli.jvm.K2JVMCompiler.doExecutePhased(K2JVMCompiler.kt:42)
	at org.jetbrains.kotlin.cli.common.CLICompiler.execImpl(CLICompiler.kt:91)
	at org.jetbrains.kotlin.cli.common.CLICompiler.exec(CLICompiler.kt:363)
	at org.jetbrains.kotlin.incremental.IncrementalJvmCompilerRunnerBase.runCompiler(IncrementalJvmCompilerRunnerBase.kt:210)
	at org.jetbrains.kotlin.incremental.IncrementalJvmCompilerRunnerBase.runCompiler(IncrementalJvmCompilerRunnerBase.kt:52)
	at org.jetbrains.kotlin.incremental.IncrementalCompilerRunner.doCompile(IncrementalCompilerRunner.kt:510)
	at org.jetbrains.kotlin.incremental.IncrementalCompilerRunner.compileImpl(IncrementalCompilerRunner.kt:422)
	at org.jetbrains.kotlin.incremental.IncrementalCompilerRunner.tryCompileIncrementally$lambda$0$compile(IncrementalCompilerRunner.kt:252)
	at org.jetbrains.kotlin.incremental.IncrementalCompilerRunner.tryCompileIncrementally(IncrementalCompilerRunner.kt:270)
	at org.jetbrains.kotlin.incremental.IncrementalCompilerRunner.compile(IncrementalCompilerRunner.kt:122)
	at org.jetbrains.kotlin.buildtools.internal.jvm.operations.JvmCompilationOperationImpl.compileInProcess(JvmCompilationOperationImpl.kt:423)
	at org.jetbrains.kotlin.buildtools.internal.jvm.operations.JvmCompilationOperationImpl.compileInProcess(JvmCompilationOperationImpl.kt:337)
	at org.jetbrains.kotlin.buildtools.internal.jvm.operations.JvmCompilationOperationImpl.executeCancellableImpl(JvmCompilationOperationImpl.kt:149)
	at org.jetbrains.kotlin.buildtools.internal.jvm.operations.JvmCompilationOperationImpl.executeCancellableImpl(JvmCompilationOperationImpl.kt:69)
	at org.jetbrains.kotlin.buildtools.internal.CancellableBuildOperationImpl.executeImpl(CancellableBuildOperationImpl.kt:58)
	at org.jetbrains.kotlin.buildtools.internal.BuildOperationImpl.execute(BuildOperationImpl.kt:34)
	at org.jetbrains.kotlin.buildtools.internal.KotlinToolchainsImpl$BuildSessionImpl.executeOperation$lambda$1(KotlinToolchainsImpl.kt:70)
	at java.base/java.util.concurrent.FutureTask.run(Unknown Source)
	at java.base/java.util.concurrent.ThreadPoolExecutor.runWorker(Unknown Source)
	at java.base/java.util.concurrent.ThreadPoolExecutor$Worker.run(Unknown Source)
	at java.base/java.lang.Thread.run(Unknown Source)
Caused by: org.jetbrains.kotlin.codegen.CompilationException: Back-end (JVM) Internal error: Couldn't inline method call: CALL 'public final fun <get-current> (): T of androidx.compose.runtime.CompositionLocal [inline] declared in androidx.compose.runtime.CompositionLocal' type=com.sayatcode.core_ui.Dimensions origin=GET_PROPERTY
Method: null
File is unknown
The root cause java.lang.IllegalStateException was thrown at: org.jetbrains.kotlin.codegen.inline.SourceCompilerForInlineKt.getMethodNode(SourceCompilerForInline.kt:129)
	at org.jetbrains.kotlin.backend.jvm.codegen.IrInlineCodegen.genInlineCall(IrInlineCodegen.kt:81)
	at org.jetbrains.kotlin.backend.jvm.codegen.IrInlineCallGenerator.genCall(IrInlineCallGenerator.kt:36)
	at org.jetbrains.kotlin.backend.jvm.codegen.ExpressionCodegen.visitCall(ExpressionCodegen.kt:562)
	at org.jetbrains.kotlin.backend.jvm.codegen.ExpressionCodegen.visitCall(ExpressionCodegen.kt:140)
	at org.jetbrains.kotlin.ir.expressions.IrCall.accept(IrCall.kt:24)
	at org.jetbrains.kotlin.backend.jvm.codegen.ExpressionCodegen.visitVariable(ExpressionCodegen.kt:693)
	at org.jetbrains.kotlin.backend.jvm.codegen.ExpressionCodegen.visitVariable(ExpressionCodegen.kt:140)
	at org.jetbrains.kotlin.ir.declarations.IrVariable.accept(IrVariable.kt:36)
	at org.jetbrains.kotlin.backend.jvm.codegen.ExpressionCodegen.visitStatementContainer(ExpressionCodegen.kt:491)
	at org.jetbrains.kotlin.backend.jvm.codegen.ExpressionCodegen.visitBlockBody(ExpressionCodegen.kt:496)
	at org.jetbrains.kotlin.backend.jvm.codegen.ExpressionCodegen.visitBlockBody(ExpressionCodegen.kt:140)
	at org.jetbrains.kotlin.ir.expressions.IrBlockBody.accept(IrBlockBody.kt:20)
	at org.jetbrains.kotlin.backend.jvm.codegen.ExpressionCodegen.generate(ExpressionCodegen.kt:233)
	at org.jetbrains.kotlin.backend.jvm.codegen.FunctionCodegen.doGenerate(FunctionCodegen.kt:135)
	at org.jetbrains.kotlin.backend.jvm.codegen.FunctionCodegen.generate(FunctionCodegen.kt:54)
	... 38 more
Caused by: java.lang.IllegalStateException: couldn't find inline method Landroidx/compose/runtime/CompositionLocal;.getCurrent()Ljava/lang/Object;
	at org.jetbrains.kotlin.codegen.inline.SourceCompilerForInlineKt.getMethodNode(SourceCompilerForInline.kt:129)
	at org.jetbrains.kotlin.codegen.inline.SourceCompilerForInlineKt.loadCompiledInlineFunction$lambda$0(SourceCompilerForInline.kt:98)
	at org.jetbrains.kotlin.codegen.inline.InlineCache.computeMethodBytes(InlineCache.kt:90)
	at org.jetbrains.kotlin.codegen.inline.SourceCompilerForInlineKt.loadCompiledInlineFunction(SourceCompilerForInline.kt:93)
	at org.jetbrains.kotlin.backend.jvm.codegen.IrSourceCompilerForInline.compileInlineFunction(IrSourceCompilerForInline.kt:96)
	at org.jetbrains.kotlin.backend.jvm.codegen.IrInlineCodegen.genInlineCall(IrInlineCodegen.kt:64)
	... 52 more


