kotlin version: 2.3.21
error message: java.lang.RuntimeException: Exception while generating code for:
FUN name:WelcomeScreen visibility:public modality:FINAL returnType:kotlin.Unit
  annotations:
    Composable
  BLOCK_BODY
    CALL 'public final fun Column (modifier: androidx.compose.ui.Modifier, verticalArrangement: androidx.compose.foundation.layout.Arrangement.Vertical, horizontalAlignment: androidx.compose.ui.Alignment.Horizontal, content: @[Composable] @[ExtensionFunctionType] kotlin.Function1<androidx.compose.foundation.layout.ColumnScope, kotlin.Unit>): kotlin.Unit [inline] declared in androidx.compose.foundation.layout.ColumnKt' type=kotlin.Unit origin=null
      ARG modifier: CALL 'public final fun padding-3ABfNKs ($this$padding: androidx.compose.ui.Modifier, all: androidx.compose.ui.unit.Dp): androidx.compose.ui.Modifier declared in androidx.compose.foundation.layout.PaddingKt' type=androidx.compose.ui.Modifier origin=null
        ARG $this$padding: CALL 'public final fun fillMaxSize$default (<this>: androidx.compose.ui.Modifier, fraction: kotlin.Float, $mask0: kotlin.Int, $handler: kotlin.Any?): androidx.compose.ui.Modifier declared in androidx.compose.foundation.layout.SizeKt' type=androidx.compose.ui.Modifier origin=DEFAULT_DISPATCH_CALL
          ARG <this>: GET_FIELD 'FIELD FIELD_FOR_OBJECT_INSTANCE name:Companion type:androidx.compose.ui.Modifier.Companion visibility:public [final,static] declared in androidx.compose.ui.Modifier' type=androidx.compose.ui.Modifier.Companion origin=null
          ARG fraction: COMPOSITE type=kotlin.Float origin=DEFAULT_VALUE
            CONST Float type=kotlin.Float value=0.0
          ARG $mask0: CONST Int type=kotlin.Int value=1
          ARG $handler: CONST Null type=kotlin.Any? value=null
        ARG all: CALL 'public final fun <get-dp> (<this>: kotlin.Int): androidx.compose.ui.unit.Dp [inline] declared in androidx.compose.ui.unit.DpKt' type=androidx.compose.ui.unit.Dp origin=GET_PROPERTY
          ARG <this>: CONST Int type=kotlin.Int value=8
      ARG verticalArrangement: CALL 'public final fun <get-Center> (): androidx.compose.foundation.layout.Arrangement.HorizontalOrVertical declared in androidx.compose.foundation.layout.Arrangement' type=androidx.compose.foundation.layout.Arrangement.HorizontalOrVertical origin=GET_PROPERTY
        ARG <this>: GET_FIELD 'FIELD FIELD_FOR_OBJECT_INSTANCE name:INSTANCE type:androidx.compose.foundation.layout.Arrangement visibility:public [final,static] declared in androidx.compose.foundation.layout.Arrangement' type=androidx.compose.foundation.layout.Arrangement origin=null
      ARG horizontalAlignment: CALL 'public final fun <get-CenterHorizontally> (): androidx.compose.ui.Alignment.Horizontal declared in androidx.compose.ui.Alignment.Companion' type=androidx.compose.ui.Alignment.Horizontal origin=GET_PROPERTY
        ARG <this>: GET_FIELD 'FIELD FIELD_FOR_OBJECT_INSTANCE name:Companion type:androidx.compose.ui.Alignment.Companion visibility:public [final,static] declared in androidx.compose.ui.Alignment' type=androidx.compose.ui.Alignment.Companion origin=null
      ARG content: RICH_FUNCTION_REFERENCE type=@[ExtensionFunctionType] kotlin.Function1<androidx.compose.foundation.layout.ColumnScope, kotlin.Unit> origin=INLINE_LAMBDA reflectionTarget='null'
        overriddenFunctionSymbol: public abstract fun invoke (p1: P1 of kotlin.Function1): R of kotlin.Function1 [operator] declared in kotlin.Function1
        invoke: FUN INLINE_LAMBDA name:WelcomeScreen$lambda$0 visibility:private modality:FINAL returnType:kotlin.Unit
          VALUE_PARAMETER BOUND_RECEIVER_PARAMETER kind:Regular name:$this$Column index:0 type:androidx.compose.foundation.layout.ColumnScope
          BLOCK_BODY
            VAR name:$i$a$-Column-WelcomeScreenKt$WelcomeScreen$1 type:kotlin.Int [val]
              CONST Int type=kotlin.Int value=0
            CALL 'public final fun Text-80ic1_w$default (text: kotlin.String, modifier: androidx.compose.ui.Modifier?, color: androidx.compose.ui.graphics.Color, fontSize: androidx.compose.ui.unit.TextUnit, fontStyle: androidx.compose.ui.text.font.FontStyle?, fontWeight: androidx.compose.ui.text.font.FontWeight?, fontFamily: androidx.compose.ui.text.font.FontFamily?, letterSpacing: androidx.compose.ui.unit.TextUnit, textDecoration: androidx.compose.ui.text.style.TextDecoration?, textAlign: androidx.compose.ui.text.style.TextAlign?, lineHeight: androidx.compose.ui.unit.TextUnit, overflow: androidx.compose.ui.text.style.TextOverflow, softWrap: kotlin.Boolean, maxLines: kotlin.Int, minLines: kotlin.Int, onTextLayout: kotlin.Function1<androidx.compose.ui.text.TextLayoutResult, kotlin.Unit>?, style: androidx.compose.ui.text.TextStyle?, $mask0: kotlin.Int, $handler: kotlin.Any?): kotlin.Unit declared in androidx.compose.material.TextKt' type=kotlin.Unit origin=DEFAULT_DISPATCH_CALL
              ARG text: CALL 'public final fun stringResource (id: kotlin.Int): kotlin.String declared in androidx.compose.ui.res.StringResources_androidKt' type=kotlin.String origin=null
                ARG id: GET_FIELD 'FIELD IR_EXTERNAL_JAVA_DECLARATION_STUB name:welcome_text type:kotlin.Int visibility:public [static] declared in com.sayatcode.core.R.string' type=kotlin.Int superQualifierSymbol=com.sayatcode.core.R.string origin=null
              ARG modifier: COMPOSITE type=androidx.compose.ui.Modifier? origin=DEFAULT_VALUE
                CONST Null type=androidx.compose.ui.Modifier? value=null
              ARG color: COMPOSITE type=androidx.compose.ui.graphics.Color origin=DEFAULT_VALUE
                CALL 'public final fun <unsafe-coerce> <T, R> (v: T of kotlin.jvm.internal.<unsafe-coerce>): R of kotlin.jvm.internal.<unsafe-coerce> declared in kotlin.jvm.internal' type=androidx.compose.ui.graphics.Color origin=null
                  TYPE_ARG T: kotlin.Long
                  TYPE_ARG R: androidx.compose.ui.graphics.Color
                  ARG v: CONST Long type=kotlin.Long value=0
              ARG fontSize: COMPOSITE type=androidx.compose.ui.unit.TextUnit origin=DEFAULT_VALUE
                CALL 'public final fun <unsafe-coerce> <T, R> (v: T of kotlin.jvm.internal.<unsafe-coerce>): R of kotlin.jvm.internal.<unsafe-coerce> declared in kotlin.jvm.internal' type=androidx.compose.ui.unit.TextUnit origin=null
                  TYPE_ARG T: kotlin.Long
                  TYPE_ARG R: androidx.compose.ui.unit.TextUnit
                  ARG v: CONST Long type=kotlin.Long value=0
              ARG fontStyle: COMPOSITE type=androidx.compose.ui.text.font.FontStyle? origin=DEFAULT_VALUE
                CONST Null type=androidx.compose.ui.text.font.FontStyle? value=null
              ARG fontWeight: COMPOSITE type=androidx.compose.ui.text.font.FontWeight? origin=DEFAULT_VALUE
                CONST Null type=androidx.compose.ui.text.font.FontWeight? value=null
              ARG fontFamily: COMPOSITE type=androidx.compose.ui.text.font.FontFamily? origin=DEFAULT_VALUE
                CONST Null type=androidx.compose.ui.text.font.FontFamily? value=null
              ARG letterSpacing: COMPOSITE type=androidx.compose.ui.unit.TextUnit origin=DEFAULT_VALUE
                CALL 'public final fun <unsafe-coerce> <T, R> (v: T of kotlin.jvm.internal.<unsafe-coerce>): R of kotlin.jvm.internal.<unsafe-coerce> declared in kotlin.jvm.internal' type=androidx.compose.ui.unit.TextUnit origin=null
                  TYPE_ARG T: kotlin.Long
                  TYPE_ARG R: androidx.compose.ui.unit.TextUnit
                  ARG v: CONST Long type=kotlin.Long value=0
              ARG textDecoration: COMPOSITE type=androidx.compose.ui.text.style.TextDecoration? origin=DEFAULT_VALUE
                CONST Null type=androidx.compose.ui.text.style.TextDecoration? value=null
              ARG textAlign: CALL 'public final fun getCenter-e0LSkKk (): androidx.compose.ui.text.style.TextAlign declared in androidx.compose.ui.text.style.TextAlign.Companion' type=androidx.compose.ui.text.style.TextAlign origin=GET_PROPERTY
                ARG <this>: GET_FIELD 'FIELD FIELD_FOR_OBJECT_INSTANCE name:Companion type:androidx.compose.ui.text.style.TextAlign.Companion visibility:public [final,static] declared in androidx.compose.ui.text.style.TextAlign' type=androidx.compose.ui.text.style.TextAlign.Companion origin=null
              ARG lineHeight: COMPOSITE type=androidx.compose.ui.unit.TextUnit origin=DEFAULT_VALUE
                CALL 'public final fun <unsafe-coerce> <T, R> (v: T of kotlin.jvm.internal.<unsafe-coerce>): R of kotlin.jvm.internal.<unsafe-coerce> declared in kotlin.jvm.internal' type=androidx.compose.ui.unit.TextUnit origin=null
                  TYPE_ARG T: kotlin.Long
                  TYPE_ARG R: androidx.compose.ui.unit.TextUnit
                  ARG v: CONST Long type=kotlin.Long value=0
              ARG overflow: COMPOSITE type=androidx.compose.ui.text.style.TextOverflow origin=DEFAULT_VALUE
                CALL 'public final fun <unsafe-coerce> <T, R> (v: T of kotlin.jvm.internal.<unsafe-coerce>): R of kotlin.jvm.internal.<unsafe-coerce> declared in kotlin.jvm.internal' type=androidx.compose.ui.text.style.TextOverflow origin=null
                  TYPE_ARG T: kotlin.Int
                  TYPE_ARG R: androidx.compose.ui.text.style.TextOverflow
                  ARG v: CONST Int type=kotlin.Int value=0
              ARG softWrap: COMPOSITE type=kotlin.Boolean origin=DEFAULT_VALUE
                CONST Boolean type=kotlin.Boolean value=false
              ARG maxLines: COMPOSITE type=kotlin.Int origin=DEFAULT_VALUE
                CONST Int type=kotlin.Int value=0
              ARG minLines: COMPOSITE type=kotlin.Int origin=DEFAULT_VALUE
                CONST Int type=kotlin.Int value=0
              ARG onTextLayout: COMPOSITE type=kotlin.Function1<androidx.compose.ui.text.TextLayoutResult, kotlin.Unit>? origin=DEFAULT_VALUE
                CONST Null type=kotlin.Function1<androidx.compose.ui.text.TextLayoutResult, kotlin.Unit>? value=null
              ARG style: CALL 'public final fun <get-h1> (): androidx.compose.ui.text.TextStyle declared in androidx.compose.material.Typography' type=androidx.compose.ui.text.TextStyle origin=GET_PROPERTY
                ARG <this>: CALL 'public final fun <get-typography> (): androidx.compose.material.Typography declared in androidx.compose.material.MaterialTheme' type=androidx.compose.material.Typography origin=GET_PROPERTY
                  ARG <this>: GET_FIELD 'FIELD FIELD_FOR_OBJECT_INSTANCE name:INSTANCE type:androidx.compose.material.MaterialTheme visibility:public [final,static] declared in androidx.compose.material.MaterialTheme' type=androidx.compose.material.MaterialTheme origin=null
              ARG $mask0: CONST Int type=kotlin.Int value=65022
              ARG $handler: CONST Null type=kotlin.Any? value=null
            CALL 'public final fun Spacer (modifier: androidx.compose.ui.Modifier): kotlin.Unit declared in androidx.compose.foundation.layout.SpacerKt' type=kotlin.Unit origin=null
              ARG modifier: CALL 'public final fun height-3ABfNKs ($this$height: androidx.compose.ui.Modifier, height: androidx.compose.ui.unit.Dp): androidx.compose.ui.Modifier declared in androidx.compose.foundation.layout.SizeKt' type=androidx.compose.ui.Modifier origin=null
                ARG $this$height: GET_FIELD 'FIELD FIELD_FOR_OBJECT_INSTANCE name:Companion type:androidx.compose.ui.Modifier.Companion visibility:public [final,static] declared in androidx.compose.ui.Modifier' type=androidx.compose.ui.Modifier.Companion origin=null
                ARG height: CALL 'public final fun <get-dp> (<this>: kotlin.Int): androidx.compose.ui.unit.Dp [inline] declared in androidx.compose.ui.unit.DpKt' type=androidx.compose.ui.unit.Dp origin=GET_PROPERTY
                  ARG <this>: CONST Int type=kotlin.Int value=8
            CALL 'public final fun ActionButton$default (text: kotlin.String, onClick: kotlin.Function0<kotlin.Unit>, modifier: androidx.compose.ui.Modifier?, isEnabled: kotlin.Boolean, textStyle: androidx.compose.ui.text.TextStyle?, $mask0: kotlin.Int, $handler: kotlin.Any?): kotlin.Unit declared in com.sayatcode.onboarding_presentation.components.ActionButtonKt' type=kotlin.Unit origin=DEFAULT_DISPATCH_CALL
              ARG text: CALL 'public final fun stringResource (id: kotlin.Int): kotlin.String declared in androidx.compose.ui.res.StringResources_androidKt' type=kotlin.String origin=null
                ARG id: GET_FIELD 'FIELD IR_EXTERNAL_JAVA_DECLARATION_STUB name:next type:kotlin.Int visibility:public [static] declared in com.sayatcode.core.R.string' type=kotlin.Int superQualifierSymbol=com.sayatcode.core.R.string origin=null
              ARG onClick: BLOCK type=kotlin.Function0<kotlin.Unit> origin=LAMBDA
                COMPOSITE type=kotlin.Unit origin=null
                CALL 'public final fun <jvm-indy> <T> (dynamicCall: T of kotlin.jvm.internal.<jvm-indy>, bootstrapMethodHandle: kotlin.Any, vararg bootstrapMethodArguments: kotlin.Any): T of kotlin.jvm.internal.<jvm-indy> declared in kotlin.jvm.internal' type=kotlin.Function0<kotlin.Unit> origin=null
                  TYPE_ARG T: kotlin.Function0<kotlin.Unit>
                  ARG dynamicCall: CALL 'public final fun invoke (): kotlin.Function0<kotlin.Unit> declared in kotlin.jvm.internal.invokeDynamic' type=kotlin.Function0<kotlin.Unit> origin=null
                  ARG bootstrapMethodHandle: CALL 'public final fun <jvm-method-handle> (tag: kotlin.Int, owner: kotlin.String, name: kotlin.String, descriptor: kotlin.String, isInterface: kotlin.Boolean): kotlin.Any declared in kotlin.jvm.internal' type=kotlin.Any origin=null
                    ARG tag: CONST Int type=kotlin.Int value=6
                    ARG owner: CONST String type=kotlin.String value="java/lang/invoke/LambdaMetafactory"
                    ARG name: CONST String type=kotlin.String value="metafactory"
                    ARG descriptor: CONST String type=kotlin.String value="(Ljava/lang/invoke/MethodHandles$Lookup;Ljava/lang/String;Ljava/lang/invoke/MethodType;Ljava/lang/invoke/MethodType;Ljava/lang/invoke/MethodHandle;Ljava/lang/invoke/MethodType;)Ljava/lang/invoke/CallSite;"
                    ARG isInterface: CONST Boolean type=kotlin.Boolean value=false
                  ARG bootstrapMethodArguments: VARARG type=kotlin.Array<kotlin.Any> varargElementType=kotlin.Any
                    CALL 'public final fun <jvm-original-method-type> (method: kotlin.Any): kotlin.Any declared in kotlin.jvm.internal' type=kotlin.Any origin=null
                      ARG method: RAW_FUNCTION_REFERENCE 'public abstract fun invoke (): R of kotlin.Function0 [operator] declared in kotlin.Function0' type=kotlin.Any
                    RAW_FUNCTION_REFERENCE 'private final fun WelcomeScreen$lambda$0$0 (): kotlin.Unit? declared in com.sayatcode.onboarding_presentation.welcome.WelcomeScreenKt' type=kotlin.Any
                    CALL 'public final fun <jvm-original-method-type> (method: kotlin.Any): kotlin.Any declared in kotlin.jvm.internal' type=kotlin.Any origin=null
                      ARG method: RAW_FUNCTION_REFERENCE 'public abstract fun invoke (): kotlin.Unit? [fake_override,operator] declared in kotlin.jvm.internal.invokeDynamic.<fake>' type=kotlin.Any
              ARG modifier: CALL 'public abstract fun align (<this>: androidx.compose.ui.Modifier, alignment: androidx.compose.ui.Alignment.Horizontal): androidx.compose.ui.Modifier declared in androidx.compose.foundation.layout.ColumnScope' type=androidx.compose.ui.Modifier origin=null
                ARG <this>(index:0): GET_VAR '$this$Column: androidx.compose.foundation.layout.ColumnScope declared in com.sayatcode.onboarding_presentation.welcome.WelcomeScreenKt.WelcomeScreen.WelcomeScreen$lambda$0' type=androidx.compose.foundation.layout.ColumnScope origin=null
                ARG <this>(index:1): GET_FIELD 'FIELD FIELD_FOR_OBJECT_INSTANCE name:Companion type:androidx.compose.ui.Modifier.Companion visibility:public [final,static] declared in androidx.compose.ui.Modifier' type=androidx.compose.ui.Modifier.Companion origin=null
                ARG alignment: CALL 'public final fun <get-CenterHorizontally> (): androidx.compose.ui.Alignment.Horizontal declared in androidx.compose.ui.Alignment.Companion' type=androidx.compose.ui.Alignment.Horizontal origin=GET_PROPERTY
                  ARG <this>: GET_FIELD 'FIELD FIELD_FOR_OBJECT_INSTANCE name:Companion type:androidx.compose.ui.Alignment.Companion visibility:public [final,static] declared in androidx.compose.ui.Alignment' type=androidx.compose.ui.Alignment.Companion origin=null
              ARG isEnabled: COMPOSITE type=kotlin.Boolean origin=DEFAULT_VALUE
                CONST Boolean type=kotlin.Boolean value=false
              ARG textStyle: COMPOSITE type=androidx.compose.ui.text.TextStyle? origin=DEFAULT_VALUE
                CONST Null type=androidx.compose.ui.text.TextStyle? value=null
              ARG $mask0: CONST Int type=kotlin.Int value=24
              ARG $handler: CONST Null type=kotlin.Any? value=null

	at org.jetbrains.kotlin.backend.jvm.codegen.FunctionCodegen.generate(FunctionCodegen.kt:57)
	at org.jetbrains.kotlin.backend.jvm.codegen.FunctionCodegen.generate$default(FunctionCodegen.kt:50)
	at org.jetbrains.kotlin.backend.jvm.codegen.ClassCodegen.generateMethodNode(ClassCodegen.kt:428)
	at org.jetbrains.kotlin.backend.jvm.codegen.ClassCodegen.generateMethod(ClassCodegen.kt:445)
	at org.jetbrains.kotlin.backend.jvm.codegen.ClassCodegen.generate(ClassCodegen.kt:168)
	at org.jetbrains.kotlin.backend.jvm.JvmIrCodegenFactory.generateFile(JvmIrCodegenFactory.kt:467)
	at org.jetbrains.kotlin.backend.jvm.JvmIrCodegenFactory.invokeCodegen(JvmIrCodegenFactory.kt:433)
	at org.jetbrains.kotlin.cli.jvm.compiler.KotlinToJVMBytecodeCompiler.runCodegen$cli(KotlinToJVMBytecodeCompiler.kt:409)
	at org.jetbrains.kotlin.cli.pipeline.jvm.JvmBackendPipelinePhase.executePhase(JvmBackendPipelinePhase.kt:89)
	at org.jetbrains.kotlin.cli.pipeline.jvm.JvmBackendPipelinePhase.executePhase(JvmBackendPipelinePhase.kt:27)
	at org.jetbrains.kotlin.cli.pipeline.PipelinePhase.phaseBody(PipelinePhase.kt:68)
	at org.jetbrains.kotlin.cli.pipeline.PipelinePhase.phaseBody(PipelinePhase.kt:58)
	at org.jetbrains.kotlin.config.phaser.NamedCompilerPhase.invoke(CompilerPhase.kt:102)
	at org.jetbrains.kotlin.backend.common.phaser.CompositePhase.invoke(PhaseBuilders.kt:22)
	at org.jetbrains.kotlin.config.phaser.CompilerPhaseKt.invokeToplevel(CompilerPhase.kt:53)
	at org.jetbrains.kotlin.cli.pipeline.AbstractCliPipeline.runPhasedPipeline(AbstractCliPipeline.kt:109)
	at org.jetbrains.kotlin.cli.pipeline.AbstractCliPipeline.execute(AbstractCliPipeline.kt:68)
	at org.jetbrains.kotlin.cli.jvm.K2JVMCompiler.doExecutePhased(K2JVMCompiler.kt:51)
	at org.jetbrains.kotlin.cli.jvm.K2JVMCompiler.doExecutePhased(K2JVMCompiler.kt:42)
	at org.jetbrains.kotlin.cli.common.CLICompiler.execImpl(CLICompiler.kt:91)
	at org.jetbrains.kotlin.cli.common.CLICompiler.exec(CLICompiler.kt:363)
	at org.jetbrains.kotlin.incremental.IncrementalJvmCompilerRunnerBase.runCompiler(IncrementalJvmCompilerRunnerBase.kt:210)
	at org.jetbrains.kotlin.incremental.IncrementalJvmCompilerRunnerBase.runCompiler(IncrementalJvmCompilerRunnerBase.kt:52)
	at org.jetbrains.kotlin.incremental.IncrementalCompilerRunner.doCompile(IncrementalCompilerRunner.kt:510)
	at org.jetbrains.kotlin.incremental.IncrementalCompilerRunner.compileImpl(IncrementalCompilerRunner.kt:422)
	at org.jetbrains.kotlin.incremental.IncrementalCompilerRunner.tryCompileIncrementally$lambda$0$compile(IncrementalCompilerRunner.kt:252)
	at org.jetbrains.kotlin.incremental.IncrementalCompilerRunner.tryCompileIncrementally(IncrementalCompilerRunner.kt:270)
	at org.jetbrains.kotlin.incremental.IncrementalCompilerRunner.compile(IncrementalCompilerRunner.kt:122)
	at org.jetbrains.kotlin.daemon.CompileServiceImplBase.execIncrementalCompiler(CompileServiceImpl.kt:764)
	at org.jetbrains.kotlin.daemon.CompileServiceImplBase.access$execIncrementalCompiler(CompileServiceImpl.kt:107)
	at org.jetbrains.kotlin.daemon.CompileServiceImpl.compile(CompileServiceImpl.kt:2026)
	at java.base/jdk.internal.reflect.DirectMethodHandleAccessor.invoke(Unknown Source)
	at java.base/java.lang.reflect.Method.invoke(Unknown Source)
	at java.rmi/sun.rmi.server.UnicastServerRef.dispatch(Unknown Source)
	at java.rmi/sun.rmi.transport.Transport$1.run(Unknown Source)
	at java.rmi/sun.rmi.transport.Transport$1.run(Unknown Source)
	at java.base/java.security.AccessController.doPrivileged(Unknown Source)
	at java.rmi/sun.rmi.transport.Transport.serviceCall(Unknown Source)
	at java.rmi/sun.rmi.transport.tcp.TCPTransport.handleMessages(Unknown Source)
	at java.rmi/sun.rmi.transport.tcp.TCPTransport$ConnectionHandler.run0(Unknown Source)
	at java.rmi/sun.rmi.transport.tcp.TCPTransport$ConnectionHandler.lambda$run$0(Unknown Source)
	at java.base/java.security.AccessController.doPrivileged(Unknown Source)
	at java.rmi/sun.rmi.transport.tcp.TCPTransport$ConnectionHandler.run(Unknown Source)
	at java.base/java.util.concurrent.ThreadPoolExecutor.runWorker(Unknown Source)
	at java.base/java.util.concurrent.ThreadPoolExecutor$Worker.run(Unknown Source)
	at java.base/java.lang.Thread.run(Unknown Source)
Caused by: org.jetbrains.kotlin.codegen.CompilationException: Back-end (JVM) Internal error: Couldn't inline method call: CALL 'public final fun Column (modifier: androidx.compose.ui.Modifier, verticalArrangement: androidx.compose.foundation.layout.Arrangement.Vertical, horizontalAlignment: androidx.compose.ui.Alignment.Horizontal, content: @[Composable] @[ExtensionFunctionType] kotlin.Function1<androidx.compose.foundation.layout.ColumnScope, kotlin.Unit>): kotlin.Unit [inline] declared in androidx.compose.foundation.layout.ColumnKt' type=kotlin.Unit origin=null
Method: null
File is unknown
The root cause java.lang.IllegalStateException was thrown at: org.jetbrains.kotlin.codegen.inline.SourceCompilerForInlineKt.getMethodNode(SourceCompilerForInline.kt:129)
	at org.jetbrains.kotlin.backend.jvm.codegen.IrInlineCodegen.genInlineCall(IrInlineCodegen.kt:81)
	at org.jetbrains.kotlin.backend.jvm.codegen.IrInlineCallGenerator.genCall(IrInlineCallGenerator.kt:36)
	at org.jetbrains.kotlin.backend.jvm.codegen.ExpressionCodegen.visitCall(ExpressionCodegen.kt:562)
	at org.jetbrains.kotlin.backend.jvm.codegen.ExpressionCodegen.visitCall(ExpressionCodegen.kt:140)
	at org.jetbrains.kotlin.ir.expressions.IrCall.accept(IrCall.kt:24)
	at org.jetbrains.kotlin.backend.jvm.codegen.ExpressionCodegen.visitStatementContainer(ExpressionCodegen.kt:491)
	at org.jetbrains.kotlin.backend.jvm.codegen.ExpressionCodegen.visitBlockBody(ExpressionCodegen.kt:496)
	at org.jetbrains.kotlin.backend.jvm.codegen.ExpressionCodegen.visitBlockBody(ExpressionCodegen.kt:140)
	at org.jetbrains.kotlin.ir.expressions.IrBlockBody.accept(IrBlockBody.kt:20)
	at org.jetbrains.kotlin.backend.jvm.codegen.ExpressionCodegen.generate(ExpressionCodegen.kt:233)
	at org.jetbrains.kotlin.backend.jvm.codegen.FunctionCodegen.doGenerate(FunctionCodegen.kt:135)
	at org.jetbrains.kotlin.backend.jvm.codegen.FunctionCodegen.generate(FunctionCodegen.kt:54)
	... 45 more
Caused by: java.lang.IllegalStateException: couldn't find inline method Landroidx/compose/foundation/layout/ColumnKt;.Column(Landroidx/compose/ui/Modifier;Landroidx/compose/foundation/layout/Arrangement$Vertical;Landroidx/compose/ui/Alignment$Horizontal;Lkotlin/jvm/functions/Function1;)V
	at org.jetbrains.kotlin.codegen.inline.SourceCompilerForInlineKt.getMethodNode(SourceCompilerForInline.kt:129)
	at org.jetbrains.kotlin.codegen.inline.SourceCompilerForInlineKt.loadCompiledInlineFunction$lambda$0(SourceCompilerForInline.kt:98)
	at org.jetbrains.kotlin.codegen.inline.InlineCache.computeMethodBytes(InlineCache.kt:90)
	at org.jetbrains.kotlin.codegen.inline.SourceCompilerForInlineKt.loadCompiledInlineFunction(SourceCompilerForInline.kt:93)
	at org.jetbrains.kotlin.backend.jvm.codegen.IrSourceCompilerForInline.compileInlineFunction(IrSourceCompilerForInline.kt:96)
	at org.jetbrains.kotlin.backend.jvm.codegen.IrInlineCodegen.genInlineCall(IrInlineCodegen.kt:64)
	... 56 more


error message: java.lang.RuntimeException: Exception while generating code for:
FUN name:WelcomeScreen visibility:public modality:FINAL returnType:kotlin.Unit
  annotations:
    Composable
  BLOCK_BODY
    CALL 'public final fun Column (modifier: androidx.compose.ui.Modifier, verticalArrangement: androidx.compose.foundation.layout.Arrangement.Vertical, horizontalAlignment: androidx.compose.ui.Alignment.Horizontal, content: @[Composable] @[ExtensionFunctionType] kotlin.Function1<androidx.compose.foundation.layout.ColumnScope, kotlin.Unit>): kotlin.Unit [inline] declared in androidx.compose.foundation.layout.ColumnKt' type=kotlin.Unit origin=null
      ARG modifier: CALL 'public final fun padding-3ABfNKs ($this$padding: androidx.compose.ui.Modifier, all: androidx.compose.ui.unit.Dp): androidx.compose.ui.Modifier declared in androidx.compose.foundation.layout.PaddingKt' type=androidx.compose.ui.Modifier origin=null
        ARG $this$padding: CALL 'public final fun fillMaxSize$default (<this>: androidx.compose.ui.Modifier, fraction: kotlin.Float, $mask0: kotlin.Int, $handler: kotlin.Any?): androidx.compose.ui.Modifier declared in androidx.compose.foundation.layout.SizeKt' type=androidx.compose.ui.Modifier origin=DEFAULT_DISPATCH_CALL
          ARG <this>: GET_FIELD 'FIELD FIELD_FOR_OBJECT_INSTANCE name:Companion type:androidx.compose.ui.Modifier.Companion visibility:public [final,static] declared in androidx.compose.ui.Modifier' type=androidx.compose.ui.Modifier.Companion origin=null
          ARG fraction: COMPOSITE type=kotlin.Float origin=DEFAULT_VALUE
            CONST Float type=kotlin.Float value=0.0
          ARG $mask0: CONST Int type=kotlin.Int value=1
          ARG $handler: CONST Null type=kotlin.Any? value=null
        ARG all: CALL 'public final fun <get-dp> (<this>: kotlin.Int): androidx.compose.ui.unit.Dp [inline] declared in androidx.compose.ui.unit.DpKt' type=androidx.compose.ui.unit.Dp origin=GET_PROPERTY
          ARG <this>: CONST Int type=kotlin.Int value=8
      ARG verticalArrangement: CALL 'public final fun <get-Center> (): androidx.compose.foundation.layout.Arrangement.HorizontalOrVertical declared in androidx.compose.foundation.layout.Arrangement' type=androidx.compose.foundation.layout.Arrangement.HorizontalOrVertical origin=GET_PROPERTY
        ARG <this>: GET_FIELD 'FIELD FIELD_FOR_OBJECT_INSTANCE name:INSTANCE type:androidx.compose.foundation.layout.Arrangement visibility:public [final,static] declared in androidx.compose.foundation.layout.Arrangement' type=androidx.compose.foundation.layout.Arrangement origin=null
      ARG horizontalAlignment: CALL 'public final fun <get-CenterHorizontally> (): androidx.compose.ui.Alignment.Horizontal declared in androidx.compose.ui.Alignment.Companion' type=androidx.compose.ui.Alignment.Horizontal origin=GET_PROPERTY
        ARG <this>: GET_FIELD 'FIELD FIELD_FOR_OBJECT_INSTANCE name:Companion type:androidx.compose.ui.Alignment.Companion visibility:public [final,static] declared in androidx.compose.ui.Alignment' type=androidx.compose.ui.Alignment.Companion origin=null
      ARG content: RICH_FUNCTION_REFERENCE type=@[ExtensionFunctionType] kotlin.Function1<androidx.compose.foundation.layout.ColumnScope, kotlin.Unit> origin=INLINE_LAMBDA reflectionTarget='null'
        overriddenFunctionSymbol: public abstract fun invoke (p1: P1 of kotlin.Function1): R of kotlin.Function1 [operator] declared in kotlin.Function1
        invoke: FUN INLINE_LAMBDA name:WelcomeScreen$lambda$0 visibility:private modality:FINAL returnType:kotlin.Unit
          VALUE_PARAMETER BOUND_RECEIVER_PARAMETER kind:Regular name:$this$Column index:0 type:androidx.compose.foundation.layout.ColumnScope
          BLOCK_BODY
            VAR name:$i$a$-Column-WelcomeScreenKt$WelcomeScreen$1 type:kotlin.Int [val]
              CONST Int type=kotlin.Int value=0
            CALL 'public final fun Text-80ic1_w$default (text: kotlin.String, modifier: androidx.compose.ui.Modifier?, color: androidx.compose.ui.graphics.Color, fontSize: androidx.compose.ui.unit.TextUnit, fontStyle: androidx.compose.ui.text.font.FontStyle?, fontWeight: androidx.compose.ui.text.font.FontWeight?, fontFamily: androidx.compose.ui.text.font.FontFamily?, letterSpacing: androidx.compose.ui.unit.TextUnit, textDecoration: androidx.compose.ui.text.style.TextDecoration?, textAlign: androidx.compose.ui.text.style.TextAlign?, lineHeight: androidx.compose.ui.unit.TextUnit, overflow: androidx.compose.ui.text.style.TextOverflow, softWrap: kotlin.Boolean, maxLines: kotlin.Int, minLines: kotlin.Int, onTextLayout: kotlin.Function1<androidx.compose.ui.text.TextLayoutResult, kotlin.Unit>?, style: androidx.compose.ui.text.TextStyle?, $mask0: kotlin.Int, $handler: kotlin.Any?): kotlin.Unit declared in androidx.compose.material.TextKt' type=kotlin.Unit origin=DEFAULT_DISPATCH_CALL
              ARG text: CALL 'public final fun stringResource (id: kotlin.Int): kotlin.String declared in androidx.compose.ui.res.StringResources_androidKt' type=kotlin.String origin=null
                ARG id: GET_FIELD 'FIELD IR_EXTERNAL_JAVA_DECLARATION_STUB name:welcome_text type:kotlin.Int visibility:public [static] declared in com.sayatcode.core.R.string' type=kotlin.Int superQualifierSymbol=com.sayatcode.core.R.string origin=null
              ARG modifier: COMPOSITE type=androidx.compose.ui.Modifier? origin=DEFAULT_VALUE
                CONST Null type=androidx.compose.ui.Modifier? value=null
              ARG color: COMPOSITE type=androidx.compose.ui.graphics.Color origin=DEFAULT_VALUE
                CALL 'public final fun <unsafe-coerce> <T, R> (v: T of kotlin.jvm.internal.<unsafe-coerce>): R of kotlin.jvm.internal.<unsafe-coerce> declared in kotlin.jvm.internal' type=androidx.compose.ui.graphics.Color origin=null
                  TYPE_ARG T: kotlin.Long
                  TYPE_ARG R: androidx.compose.ui.graphics.Color
                  ARG v: CONST Long type=kotlin.Long value=0
              ARG fontSize: COMPOSITE type=androidx.compose.ui.unit.TextUnit origin=DEFAULT_VALUE
                CALL 'public final fun <unsafe-coerce> <T, R> (v: T of kotlin.jvm.internal.<unsafe-coerce>): R of kotlin.jvm.internal.<unsafe-coerce> declared in kotlin.jvm.internal' type=androidx.compose.ui.unit.TextUnit origin=null
                  TYPE_ARG T: kotlin.Long
                  TYPE_ARG R: androidx.compose.ui.unit.TextUnit
                  ARG v: CONST Long type=kotlin.Long value=0
              ARG fontStyle: COMPOSITE type=androidx.compose.ui.text.font.FontStyle? origin=DEFAULT_VALUE
                CONST Null type=androidx.compose.ui.text.font.FontStyle? value=null
              ARG fontWeight: COMPOSITE type=androidx.compose.ui.text.font.FontWeight? origin=DEFAULT_VALUE
                CONST Null type=androidx.compose.ui.text.font.FontWeight? value=null
              ARG fontFamily: COMPOSITE type=androidx.compose.ui.text.font.FontFamily? origin=DEFAULT_VALUE
                CONST Null type=androidx.compose.ui.text.font.FontFamily? value=null
              ARG letterSpacing: COMPOSITE type=androidx.compose.ui.unit.TextUnit origin=DEFAULT_VALUE
                CALL 'public final fun <unsafe-coerce> <T, R> (v: T of kotlin.jvm.internal.<unsafe-coerce>): R of kotlin.jvm.internal.<unsafe-coerce> declared in kotlin.jvm.internal' type=androidx.compose.ui.unit.TextUnit origin=null
                  TYPE_ARG T: kotlin.Long
                  TYPE_ARG R: androidx.compose.ui.unit.TextUnit
                  ARG v: CONST Long type=kotlin.Long value=0
              ARG textDecoration: COMPOSITE type=androidx.compose.ui.text.style.TextDecoration? origin=DEFAULT_VALUE
                CONST Null type=androidx.compose.ui.text.style.TextDecoration? value=null
              ARG textAlign: CALL 'public final fun getCenter-e0LSkKk (): androidx.compose.ui.text.style.TextAlign declared in androidx.compose.ui.text.style.TextAlign.Companion' type=androidx.compose.ui.text.style.TextAlign origin=GET_PROPERTY
                ARG <this>: GET_FIELD 'FIELD FIELD_FOR_OBJECT_INSTANCE name:Companion type:androidx.compose.ui.text.style.TextAlign.Companion visibility:public [final,static] declared in androidx.compose.ui.text.style.TextAlign' type=androidx.compose.ui.text.style.TextAlign.Companion origin=null
              ARG lineHeight: COMPOSITE type=androidx.compose.ui.unit.TextUnit origin=DEFAULT_VALUE
                CALL 'public final fun <unsafe-coerce> <T, R> (v: T of kotlin.jvm.internal.<unsafe-coerce>): R of kotlin.jvm.internal.<unsafe-coerce> declared in kotlin.jvm.internal' type=androidx.compose.ui.unit.TextUnit origin=null
                  TYPE_ARG T: kotlin.Long
                  TYPE_ARG R: androidx.compose.ui.unit.TextUnit
                  ARG v: CONST Long type=kotlin.Long value=0
              ARG overflow: COMPOSITE type=androidx.compose.ui.text.style.TextOverflow origin=DEFAULT_VALUE
                CALL 'public final fun <unsafe-coerce> <T, R> (v: T of kotlin.jvm.internal.<unsafe-coerce>): R of kotlin.jvm.internal.<unsafe-coerce> declared in kotlin.jvm.internal' type=androidx.compose.ui.text.style.TextOverflow origin=null
                  TYPE_ARG T: kotlin.Int
                  TYPE_ARG R: androidx.compose.ui.text.style.TextOverflow
                  ARG v: CONST Int type=kotlin.Int value=0
              ARG softWrap: COMPOSITE type=kotlin.Boolean origin=DEFAULT_VALUE
                CONST Boolean type=kotlin.Boolean value=false
              ARG maxLines: COMPOSITE type=kotlin.Int origin=DEFAULT_VALUE
                CONST Int type=kotlin.Int value=0
              ARG minLines: COMPOSITE type=kotlin.Int origin=DEFAULT_VALUE
                CONST Int type=kotlin.Int value=0
              ARG onTextLayout: COMPOSITE type=kotlin.Function1<androidx.compose.ui.text.TextLayoutResult, kotlin.Unit>? origin=DEFAULT_VALUE
                CONST Null type=kotlin.Function1<androidx.compose.ui.text.TextLayoutResult, kotlin.Unit>? value=null
              ARG style: CALL 'public final fun <get-h1> (): androidx.compose.ui.text.TextStyle declared in androidx.compose.material.Typography' type=androidx.compose.ui.text.TextStyle origin=GET_PROPERTY
                ARG <this>: CALL 'public final fun <get-typography> (): androidx.compose.material.Typography declared in androidx.compose.material.MaterialTheme' type=androidx.compose.material.Typography origin=GET_PROPERTY
                  ARG <this>: GET_FIELD 'FIELD FIELD_FOR_OBJECT_INSTANCE name:INSTANCE type:androidx.compose.material.MaterialTheme visibility:public [final,static] declared in androidx.compose.material.MaterialTheme' type=androidx.compose.material.MaterialTheme origin=null
              ARG $mask0: CONST Int type=kotlin.Int value=65022
              ARG $handler: CONST Null type=kotlin.Any? value=null
            CALL 'public final fun Spacer (modifier: androidx.compose.ui.Modifier): kotlin.Unit declared in androidx.compose.foundation.layout.SpacerKt' type=kotlin.Unit origin=null
              ARG modifier: CALL 'public final fun height-3ABfNKs ($this$height: androidx.compose.ui.Modifier, height: androidx.compose.ui.unit.Dp): androidx.compose.ui.Modifier declared in androidx.compose.foundation.layout.SizeKt' type=androidx.compose.ui.Modifier origin=null
                ARG $this$height: GET_FIELD 'FIELD FIELD_FOR_OBJECT_INSTANCE name:Companion type:androidx.compose.ui.Modifier.Companion visibility:public [final,static] declared in androidx.compose.ui.Modifier' type=androidx.compose.ui.Modifier.Companion origin=null
                ARG height: CALL 'public final fun <get-dp> (<this>: kotlin.Int): androidx.compose.ui.unit.Dp [inline] declared in androidx.compose.ui.unit.DpKt' type=androidx.compose.ui.unit.Dp origin=GET_PROPERTY
                  ARG <this>: CONST Int type=kotlin.Int value=8
            CALL 'public final fun ActionButton$default (text: kotlin.String, onClick: kotlin.Function0<kotlin.Unit>, modifier: androidx.compose.ui.Modifier?, isEnabled: kotlin.Boolean, textStyle: androidx.compose.ui.text.TextStyle?, $mask0: kotlin.Int, $handler: kotlin.Any?): kotlin.Unit declared in com.sayatcode.onboarding_presentation.components.ActionButtonKt' type=kotlin.Unit origin=DEFAULT_DISPATCH_CALL
              ARG text: CALL 'public final fun stringResource (id: kotlin.Int): kotlin.String declared in androidx.compose.ui.res.StringResources_androidKt' type=kotlin.String origin=null
                ARG id: GET_FIELD 'FIELD IR_EXTERNAL_JAVA_DECLARATION_STUB name:next type:kotlin.Int visibility:public [static] declared in com.sayatcode.core.R.string' type=kotlin.Int superQualifierSymbol=com.sayatcode.core.R.string origin=null
              ARG onClick: BLOCK type=kotlin.Function0<kotlin.Unit> origin=LAMBDA
                COMPOSITE type=kotlin.Unit origin=null
                CALL 'public final fun <jvm-indy> <T> (dynamicCall: T of kotlin.jvm.internal.<jvm-indy>, bootstrapMethodHandle: kotlin.Any, vararg bootstrapMethodArguments: kotlin.Any): T of kotlin.jvm.internal.<jvm-indy> declared in kotlin.jvm.internal' type=kotlin.Function0<kotlin.Unit> origin=null
                  TYPE_ARG T: kotlin.Function0<kotlin.Unit>
                  ARG dynamicCall: CALL 'public final fun invoke (): kotlin.Function0<kotlin.Unit> declared in kotlin.jvm.internal.invokeDynamic' type=kotlin.Function0<kotlin.Unit> origin=null
                  ARG bootstrapMethodHandle: CALL 'public final fun <jvm-method-handle> (tag: kotlin.Int, owner: kotlin.String, name: kotlin.String, descriptor: kotlin.String, isInterface: kotlin.Boolean): kotlin.Any declared in kotlin.jvm.internal' type=kotlin.Any origin=null
                    ARG tag: CONST Int type=kotlin.Int value=6
                    ARG owner: CONST String type=kotlin.String value="java/lang/invoke/LambdaMetafactory"
                    ARG name: CONST String type=kotlin.String value="metafactory"
                    ARG descriptor: CONST String type=kotlin.String value="(Ljava/lang/invoke/MethodHandles$Lookup;Ljava/lang/String;Ljava/lang/invoke/MethodType;Ljava/lang/invoke/MethodType;Ljava/lang/invoke/MethodHandle;Ljava/lang/invoke/MethodType;)Ljava/lang/invoke/CallSite;"
                    ARG isInterface: CONST Boolean type=kotlin.Boolean value=false
                  ARG bootstrapMethodArguments: VARARG type=kotlin.Array<kotlin.Any> varargElementType=kotlin.Any
                    CALL 'public final fun <jvm-original-method-type> (method: kotlin.Any): kotlin.Any declared in kotlin.jvm.internal' type=kotlin.Any origin=null
                      ARG method: RAW_FUNCTION_REFERENCE 'public abstract fun invoke (): R of kotlin.Function0 [operator] declared in kotlin.Function0' type=kotlin.Any
                    RAW_FUNCTION_REFERENCE 'private final fun WelcomeScreen$lambda$0$0 (): kotlin.Unit? declared in com.sayatcode.onboarding_presentation.welcome.WelcomeScreenKt' type=kotlin.Any
                    CALL 'public final fun <jvm-original-method-type> (method: kotlin.Any): kotlin.Any declared in kotlin.jvm.internal' type=kotlin.Any origin=null
                      ARG method: RAW_FUNCTION_REFERENCE 'public abstract fun invoke (): kotlin.Unit? [fake_override,operator] declared in kotlin.jvm.internal.invokeDynamic.<fake>' type=kotlin.Any
              ARG modifier: CALL 'public abstract fun align (<this>: androidx.compose.ui.Modifier, alignment: androidx.compose.ui.Alignment.Horizontal): androidx.compose.ui.Modifier declared in androidx.compose.foundation.layout.ColumnScope' type=androidx.compose.ui.Modifier origin=null
                ARG <this>(index:0): GET_VAR '$this$Column: androidx.compose.foundation.layout.ColumnScope declared in com.sayatcode.onboarding_presentation.welcome.WelcomeScreenKt.WelcomeScreen.WelcomeScreen$lambda$0' type=androidx.compose.foundation.layout.ColumnScope origin=null
                ARG <this>(index:1): GET_FIELD 'FIELD FIELD_FOR_OBJECT_INSTANCE name:Companion type:androidx.compose.ui.Modifier.Companion visibility:public [final,static] declared in androidx.compose.ui.Modifier' type=androidx.compose.ui.Modifier.Companion origin=null
                ARG alignment: CALL 'public final fun <get-CenterHorizontally> (): androidx.compose.ui.Alignment.Horizontal declared in androidx.compose.ui.Alignment.Companion' type=androidx.compose.ui.Alignment.Horizontal origin=GET_PROPERTY
                  ARG <this>: GET_FIELD 'FIELD FIELD_FOR_OBJECT_INSTANCE name:Companion type:androidx.compose.ui.Alignment.Companion visibility:public [final,static] declared in androidx.compose.ui.Alignment' type=androidx.compose.ui.Alignment.Companion origin=null
              ARG isEnabled: COMPOSITE type=kotlin.Boolean origin=DEFAULT_VALUE
                CONST Boolean type=kotlin.Boolean value=false
              ARG textStyle: COMPOSITE type=androidx.compose.ui.text.TextStyle? origin=DEFAULT_VALUE
                CONST Null type=androidx.compose.ui.text.TextStyle? value=null
              ARG $mask0: CONST Int type=kotlin.Int value=24
              ARG $handler: CONST Null type=kotlin.Any? value=null

	at org.jetbrains.kotlin.backend.jvm.codegen.FunctionCodegen.generate(FunctionCodegen.kt:57)
	at org.jetbrains.kotlin.backend.jvm.codegen.FunctionCodegen.generate$default(FunctionCodegen.kt:50)
	at org.jetbrains.kotlin.backend.jvm.codegen.ClassCodegen.generateMethodNode(ClassCodegen.kt:428)
	at org.jetbrains.kotlin.backend.jvm.codegen.ClassCodegen.generateMethod(ClassCodegen.kt:445)
	at org.jetbrains.kotlin.backend.jvm.codegen.ClassCodegen.generate(ClassCodegen.kt:168)
	at org.jetbrains.kotlin.backend.jvm.JvmIrCodegenFactory.generateFile(JvmIrCodegenFactory.kt:467)
	at org.jetbrains.kotlin.backend.jvm.JvmIrCodegenFactory.invokeCodegen(JvmIrCodegenFactory.kt:433)
	at org.jetbrains.kotlin.cli.jvm.compiler.KotlinToJVMBytecodeCompiler.runCodegen$cli(KotlinToJVMBytecodeCompiler.kt:409)
	at org.jetbrains.kotlin.cli.pipeline.jvm.JvmBackendPipelinePhase.executePhase(JvmBackendPipelinePhase.kt:89)
	at org.jetbrains.kotlin.cli.pipeline.jvm.JvmBackendPipelinePhase.executePhase(JvmBackendPipelinePhase.kt:27)
	at org.jetbrains.kotlin.cli.pipeline.PipelinePhase.phaseBody(PipelinePhase.kt:68)
	at org.jetbrains.kotlin.cli.pipeline.PipelinePhase.phaseBody(PipelinePhase.kt:58)
	at org.jetbrains.kotlin.config.phaser.NamedCompilerPhase.invoke(CompilerPhase.kt:102)
	at org.jetbrains.kotlin.backend.common.phaser.CompositePhase.invoke(PhaseBuilders.kt:22)
	at org.jetbrains.kotlin.config.phaser.CompilerPhaseKt.invokeToplevel(CompilerPhase.kt:53)
	at org.jetbrains.kotlin.cli.pipeline.AbstractCliPipeline.runPhasedPipeline(AbstractCliPipeline.kt:109)
	at org.jetbrains.kotlin.cli.pipeline.AbstractCliPipeline.execute(AbstractCliPipeline.kt:68)
	at org.jetbrains.kotlin.cli.jvm.K2JVMCompiler.doExecutePhased(K2JVMCompiler.kt:51)
	at org.jetbrains.kotlin.cli.jvm.K2JVMCompiler.doExecutePhased(K2JVMCompiler.kt:42)
	at org.jetbrains.kotlin.cli.common.CLICompiler.execImpl(CLICompiler.kt:91)
	at org.jetbrains.kotlin.cli.common.CLICompiler.exec(CLICompiler.kt:363)
	at org.jetbrains.kotlin.incremental.IncrementalJvmCompilerRunnerBase.runCompiler(IncrementalJvmCompilerRunnerBase.kt:210)
	at org.jetbrains.kotlin.incremental.IncrementalJvmCompilerRunnerBase.runCompiler(IncrementalJvmCompilerRunnerBase.kt:52)
	at org.jetbrains.kotlin.incremental.IncrementalCompilerRunner.doCompile(IncrementalCompilerRunner.kt:510)
	at org.jetbrains.kotlin.incremental.IncrementalCompilerRunner.compileImpl(IncrementalCompilerRunner.kt:422)
	at org.jetbrains.kotlin.incremental.IncrementalCompilerRunner.tryCompileIncrementally$lambda$0$compile(IncrementalCompilerRunner.kt:252)
	at org.jetbrains.kotlin.incremental.IncrementalCompilerRunner.tryCompileIncrementally(IncrementalCompilerRunner.kt:270)
	at org.jetbrains.kotlin.incremental.IncrementalCompilerRunner.compile(IncrementalCompilerRunner.kt:122)
	at org.jetbrains.kotlin.buildtools.internal.jvm.operations.JvmCompilationOperationImpl.compileInProcess(JvmCompilationOperationImpl.kt:423)
	at org.jetbrains.kotlin.buildtools.internal.jvm.operations.JvmCompilationOperationImpl.compileInProcess(JvmCompilationOperationImpl.kt:337)
	at org.jetbrains.kotlin.buildtools.internal.jvm.operations.JvmCompilationOperationImpl.executeCancellableImpl(JvmCompilationOperationImpl.kt:149)
	at org.jetbrains.kotlin.buildtools.internal.jvm.operations.JvmCompilationOperationImpl.executeCancellableImpl(JvmCompilationOperationImpl.kt:69)
	at org.jetbrains.kotlin.buildtools.internal.CancellableBuildOperationImpl.executeImpl(CancellableBuildOperationImpl.kt:58)
	at org.jetbrains.kotlin.buildtools.internal.BuildOperationImpl.execute(BuildOperationImpl.kt:34)
	at org.jetbrains.kotlin.buildtools.internal.KotlinToolchainsImpl$BuildSessionImpl.executeOperation$lambda$1(KotlinToolchainsImpl.kt:70)
	at java.base/java.util.concurrent.FutureTask.run(Unknown Source)
	at java.base/java.util.concurrent.ThreadPoolExecutor.runWorker(Unknown Source)
	at java.base/java.util.concurrent.ThreadPoolExecutor$Worker.run(Unknown Source)
	at java.base/java.lang.Thread.run(Unknown Source)
Caused by: org.jetbrains.kotlin.codegen.CompilationException: Back-end (JVM) Internal error: Couldn't inline method call: CALL 'public final fun Column (modifier: androidx.compose.ui.Modifier, verticalArrangement: androidx.compose.foundation.layout.Arrangement.Vertical, horizontalAlignment: androidx.compose.ui.Alignment.Horizontal, content: @[Composable] @[ExtensionFunctionType] kotlin.Function1<androidx.compose.foundation.layout.ColumnScope, kotlin.Unit>): kotlin.Unit [inline] declared in androidx.compose.foundation.layout.ColumnKt' type=kotlin.Unit origin=null
Method: null
File is unknown
The root cause java.lang.IllegalStateException was thrown at: org.jetbrains.kotlin.codegen.inline.SourceCompilerForInlineKt.getMethodNode(SourceCompilerForInline.kt:129)
	at org.jetbrains.kotlin.backend.jvm.codegen.IrInlineCodegen.genInlineCall(IrInlineCodegen.kt:81)
	at org.jetbrains.kotlin.backend.jvm.codegen.IrInlineCallGenerator.genCall(IrInlineCallGenerator.kt:36)
	at org.jetbrains.kotlin.backend.jvm.codegen.ExpressionCodegen.visitCall(ExpressionCodegen.kt:562)
	at org.jetbrains.kotlin.backend.jvm.codegen.ExpressionCodegen.visitCall(ExpressionCodegen.kt:140)
	at org.jetbrains.kotlin.ir.expressions.IrCall.accept(IrCall.kt:24)
	at org.jetbrains.kotlin.backend.jvm.codegen.ExpressionCodegen.visitStatementContainer(ExpressionCodegen.kt:491)
	at org.jetbrains.kotlin.backend.jvm.codegen.ExpressionCodegen.visitBlockBody(ExpressionCodegen.kt:496)
	at org.jetbrains.kotlin.backend.jvm.codegen.ExpressionCodegen.visitBlockBody(ExpressionCodegen.kt:140)
	at org.jetbrains.kotlin.ir.expressions.IrBlockBody.accept(IrBlockBody.kt:20)
	at org.jetbrains.kotlin.backend.jvm.codegen.ExpressionCodegen.generate(ExpressionCodegen.kt:233)
	at org.jetbrains.kotlin.backend.jvm.codegen.FunctionCodegen.doGenerate(FunctionCodegen.kt:135)
	at org.jetbrains.kotlin.backend.jvm.codegen.FunctionCodegen.generate(FunctionCodegen.kt:54)
	... 38 more
Caused by: java.lang.IllegalStateException: couldn't find inline method Landroidx/compose/foundation/layout/ColumnKt;.Column(Landroidx/compose/ui/Modifier;Landroidx/compose/foundation/layout/Arrangement$Vertical;Landroidx/compose/ui/Alignment$Horizontal;Lkotlin/jvm/functions/Function1;)V
	at org.jetbrains.kotlin.codegen.inline.SourceCompilerForInlineKt.getMethodNode(SourceCompilerForInline.kt:129)
	at org.jetbrains.kotlin.codegen.inline.SourceCompilerForInlineKt.loadCompiledInlineFunction$lambda$0(SourceCompilerForInline.kt:98)
	at org.jetbrains.kotlin.codegen.inline.InlineCache.computeMethodBytes(InlineCache.kt:90)
	at org.jetbrains.kotlin.codegen.inline.SourceCompilerForInlineKt.loadCompiledInlineFunction(SourceCompilerForInline.kt:93)
	at org.jetbrains.kotlin.backend.jvm.codegen.IrSourceCompilerForInline.compileInlineFunction(IrSourceCompilerForInline.kt:96)
	at org.jetbrains.kotlin.backend.jvm.codegen.IrInlineCodegen.genInlineCall(IrInlineCodegen.kt:64)
	... 49 more


